[2026-01-23 18:40:28] [Error] [Proxy] Proxy error: Client.__init__() got an unexpected keyword argument 'proxies'
[2026-01-23 18:40:32] [Error] [Proxy] No active accounts to test.
[2026-01-23 18:40:35] [Error] Invalid token: empty field.
[2026-01-23 18:40:46] [Error] [Proxy] Proxy error: Client.__init__() got an unexpected keyword argument 'proxies'
[2026-01-23 18:40:47] [Error] [Proxy] Proxy error: Client.__init__() got an unexpected keyword argument 'proxies'
[2026-01-23 18:40:51] [Error] [Proxy] Proxy error: Client.__init__() got an unexpected keyword argument 'proxies'
[2026-01-23 18:40:53] [Error] Invalid token format.
[2026-01-23 18:41:00] [Error] [Proxy] No active accounts to test.
[2026-01-23 18:41:01] [Error] [Proxy] No active accounts to test.
[2026-01-23 18:41:01] [Error] [Proxy] No active accounts to test.
[2026-01-23 18:41:01] [Error] [Proxy] No active accounts to test.
[2026-01-23 18:41:01] [Error] [Proxy] No active accounts to test.
[2026-01-23 18:41:04] [Settings] Zapisano ustawienia delay.
[2026-01-23 18:41:04] [Templates] Saved message templates.
[2026-01-23 18:41:04] [Joiner] Saved 1 invites.
[2026-01-23 18:41:04] [Captcha] Zapisano ustawienia dla capsolver.
[2026-01-23 18:41:04] [Settings] Removed version endpoint.
[2026-01-23 18:41:04] [Profile] Saved profile settings.
[2026-01-23 18:41:13] [Error] [Proxy] Proxy error: Client.__init__() got an unexpected keyword argument 'proxies'
[2026-01-23 18:46:48] [Proxy] Proxy check passed.
