[2026-01-20 07:39:51] [Status] Start automatycznej aktualizacji statusów.
[2026-01-20 13:12:41] [Settings] Eksport banlisty plaintext: włączony.
[2026-01-20 13:12:42] [Settings] Eksport banlisty plaintext: wyłączony.
[2026-01-20 13:12:42] [Settings] Eksport banlisty plaintext: włączony.
[2026-01-20 13:12:47] [Settings] Eksport banlisty plaintext: wyłączony.
[2026-01-20 13:12:47] [Settings] Eksport banlisty plaintext: włączony.
[2026-01-20 13:12:48] [Settings] Eksport banlisty plaintext: wyłączony.
[2026-01-20 13:12:57] [Settings] Eksport banlisty plaintext: włączony.
[2026-01-20 13:16:55] [Settings] Zapisano ustawienia delay.
[2026-01-20 13:54:57] [Settings] Zapisano ustawienia delay.
[2026-01-20 14:33:16] BĹ‚Ä…d: OtwĂłrz ustawienia i wprowadĹş zaproszenia do serwerĂłw.
[2026-01-20 14:33:24] BĹ‚Ä…d: OtwĂłrz ustawienia i wprowadĹş zaproszenia do serwerĂłw.
[2026-01-20 14:34:19] BĹ‚Ä…d: Niepoprawne zaproszenia (pomijam): discord.com
[2026-01-20 14:34:19] BĹ‚Ä…d: Brak poprawnych zaproszeĹ„.
[2026-01-20 14:43:41] [Settings] Zapisano ustawienia delay.
[2026-01-20 14:44:03] BĹ‚Ä…d: Niepoprawne zaproszenia (pomijam): discord.com
[2026-01-20 14:44:03] BĹ‚Ä…d: Brak poprawnych zaproszeĹ„ do zapisania.
[2026-01-20 14:44:04] BĹ‚Ä…d: Niepoprawne zaproszenia (pomijam): discord.com
[2026-01-20 14:44:04] BĹ‚Ä…d: Brak poprawnych zaproszeĹ„ do zapisania.
[2026-01-20 14:47:26] [Settings] Zapisano ustawienia delay.
[2026-01-20 14:47:46] BĹ‚Ä…d: Niepoprawne zaproszenia (pomijam): discord.com
[2026-01-20 14:47:46] BĹ‚Ä…d: Brak poprawnych zaproszeĹ„ do zapisania.
[2026-01-20 14:47:50] [Settings] Zapisano ustawienia delay.
[2026-01-20 14:47:50] [Templates] WyczyĹ›ciĹ‚em szablony wiadomoĹ›ci.
[2026-01-20 14:48:27] [Templates] Zapisano szablony wiadomoĹ›ci.
[2026-01-20 14:48:46] [Templates] Zapisano szablony wiadomoĹ›ci.
[2026-01-20 14:48:54] [Templates] Zapisano szablony wiadomoĹ›ci.
[2026-01-20 14:51:59] [Settings] Zapisano ustawienia delay.
[2026-01-20 14:52:00] [Templates] WyczyĹ›ciĹ‚em szablony wiadomoĹ›ci.
[2026-01-20 14:52:25] BĹ‚Ä…d: Niepoprawne zaproszenia (pomijam): discord.com
[2026-01-20 14:52:25] BĹ‚Ä…d: Brak poprawnych zaproszeĹ„ do zapisania.
[2026-01-20 14:52:33] [Templates] Zapisano szablony wiadomoĹ›ci.
[2026-01-20 14:52:49] [Joiner] Zapisano 1 zaproszeĹ„.
[2026-01-20 14:53:03] All processes stopped.
[2026-01-20 15:04:12] [Settings] Zapisano ustawienia delay.
[2026-01-20 15:04:12] [Templates] Zapisano szablony wiadomoĹ›ci.
[2026-01-20 15:08:07] [Settings] Zapisano ustawienia delay.
[2026-01-20 15:08:07] [Templates] Zapisano szablony wiadomoĹ›ci.
